proguard/seeds.txt
com.google.api.services.drive.model.AppList: java.lang.String etag
com.google.api.services.drive.model.AppList: java.util.List items
com.google.api.services.drive.model.AppList: java.lang.String kind
com.google.api.services.drive.model.AppList: java.lang.String selfLink
com.google.api.services.drive.model.Change: java.lang.Boolean deleted
com.google.api.services.drive.model.Change: com.google.api.services.drive.model.File file
com.google.api.services.drive.model.Change: java.lang.String fileId
com.google.api.services.drive.model.Change: java.lang.Long id
com.google.api.services.drive.model.Change: java.lang.String kind
com.google.api.services.drive.model.Change: java.lang.String selfLink
com.google.api.services.drive.model.ChangeList: java.lang.String etag
com.google.api.services.drive.model.ChangeList: java.util.List items
com.google.api.services.drive.model.ChangeList: java.lang.String kind
com.google.api.services.drive.model.ChangeList: java.lang.Long largestChangeId
com.google.api.services.drive.model.ChangeList: java.lang.String nextLink
com.google.api.services.drive.model.ChangeList: java.lang.String nextPageToken
com.google.api.services.drive.model.ChangeList: java.lang.String selfLink
com.google.api.services.drive.model.ChildList: java.lang.String etag
com.google.api.services.drive.model.ChildList: java.util.List items
com.google.api.services.drive.model.ChildList: java.lang.String kind
com.google.api.services.drive.model.ChildList: java.lang.String nextLink
com.google.api.services.drive.model.ChildList: java.lang.String nextPageToken
com.google.api.services.drive.model.ChildList: java.lang.String selfLink
com.google.api.services.drive.model.ChildReference: java.lang.String childLink
com.google.api.services.drive.model.ChildReference: java.lang.String id
com.google.api.services.drive.model.ChildReference: java.lang.String kind
com.google.api.services.drive.model.ChildReference: java.lang.String selfLink
com.google.api.services.drive.model.Comment: java.lang.String anchor
com.google.api.services.drive.model.Comment: com.google.api.services.drive.model.User author
com.google.api.services.drive.model.Comment: java.lang.String commentId
com.google.api.services.drive.model.Comment: java.lang.String content
com.google.api.services.drive.model.Comment: com.google.api.services.drive.model.Comment$Context context
com.google.api.services.drive.model.Comment: com.google.api.client.util.DateTime createdDate
com.google.api.services.drive.model.Comment: java.lang.Boolean deleted
com.google.api.services.drive.model.Comment: java.lang.String fileId
com.google.api.services.drive.model.Comment: java.lang.String fileTitle
com.google.api.services.drive.model.Comment: java.lang.String htmlContent
com.google.api.services.drive.model.Comment: java.lang.String kind
com.google.api.services.drive.model.Comment: com.google.api.client.util.DateTime modifiedDate
com.google.api.services.drive.model.Comment: java.util.List replies
com.google.api.services.drive.model.Comment: java.lang.String selfLink
com.google.api.services.drive.model.Comment: java.lang.String status
com.google.api.services.drive.model.Comment$Context: java.lang.String type
com.google.api.services.drive.model.Comment$Context: java.lang.String value
com.google.api.services.drive.model.CommentList: java.util.List items
com.google.api.services.drive.model.CommentList: java.lang.String kind
com.google.api.services.drive.model.CommentList: java.lang.String nextPageToken