proguard/mapping.txt
com.google.api.client.util.Value -> com.google.a.a.e.ad:
    java.lang.String value() -> a
com.google.api.client.util.escape.CharEscapers -> com.google.a.a.e.a.a:
    com.google.api.client.util.escape.Escaper URI_ESCAPER -> a
    com.google.api.client.util.escape.Escaper URI_PATH_ESCAPER -> b
    com.google.api.client.util.escape.Escaper URI_QUERY_STRING_ESCAPER -> c
    java.lang.String escapeUri(java.lang.String) -> a
    java.lang.String decodeUri(java.lang.String) -> b
    java.lang.String escapeUriPath(java.lang.String) -> c
    java.lang.String escapeUriQuery(java.lang.String) -> d
com.google.api.client.util.escape.Escaper -> com.google.a.a.e.a.b:
    java.lang.String escape(java.lang.String) -> a
com.google.api.client.util.escape.PercentEscaper -> com.google.a.a.e.a.c:
    char[] URI_ESCAPED_SPACE -> a
    char[] UPPER_HEX_DIGITS -> b
    boolean plusForSpace -> c
    boolean[] safeOctets -> d
    boolean[] createSafeOctets(java.lang.String) -> b
    int nextEscapeIndex(java.lang.CharSequence,int,int) -> a
    java.lang.String escape(java.lang.String) -> a
    char[] escape(int) -> a
com.google.api.client.util.escape.Platform -> com.google.a.a.e.a.d:
    java.lang.ThreadLocal DEST_TL -> a
    char[] charBufferFromThreadLocal() -> a
com.google.api.client.util.escape.Platform$1 -> com.google.a.a.e.a.e:
    char[] initialValue() -> a
    java.lang.Object initialValue() -> initialValue
com.google.api.client.util.escape.UnicodeEscaper -> com.google.a.a.e.a.f:
    char[] escape(int) -> a
    int nextEscapeIndex(java.lang.CharSequence,int,int) -> a
    java.lang.String escapeSlow(java.lang.String,int) -> a
    int codePointAt(java.lang.CharSequence,int,int) -> b
    char[] growBuffer(char[],int,int) -> a
com.google.api.services.drive.Drive -> com.google.a.b.a.a:
    void initialize(com.google.api.client.googleapis.services.AbstractGoogleClientRequest) -> a
    com.google.api.services.drive.Drive$Files files() -> i
com.google.api.services.drive.Drive$Builder -> com.google.a.b.a.b:
    com.google.api.services.drive.Drive build() -> j
    com.google.api.services.drive.Drive$Builder setRootUrl(java.lang.String) -> e
    com.google.api.services.drive.Drive$Builder setServicePath(java.lang.String) -> f
    com.google.api.client.googleapis.services.json.AbstractGoogleJsonClient$Builder setServicePath(java.lang.String) -> d
    com.google.api.client.googleapis.services.json.AbstractGoogleJsonClient$Builder setRootUrl(java.lang.String) -> c
    com.google.api.client.googleapis.services.AbstractGoogleClient$Builder setServicePath(java.lang.String) -> b
    com.google.api.client.googleapis.services.AbstractGoogleClient$Builder setRootUrl(java.lang.String) -> a
com.google.api.services.drive.Drive$Files -> com.google.a.b.a.c:
    com.google.api.services.drive.Drive this$0 -> a
    com.google.api.services.drive.Drive$Files$Insert insert(com.google.api.services.drive.model.File,com.google.api.client.http.AbstractInputStreamContent) -> a
    com.google.api.services.drive.Drive$Files$List list() -> a
com.google.api.services.drive.Drive$Files$Insert -> com.google.a.b.a.d:
    java.lang.Boolean convert -> convert
    java.lang.Boolean useContentAsIndexableText -> useContentAsIndexableText
    java.lang.String ocrLanguage -> ocrLanguage
    java.lang.Boolean pinned -> pinned
    java.lang.Boolean ocr -> ocr
    java.lang.String timedTextTrackName -> timedTextTrackName
    java.lang.String timedTextLanguage -> timedTextLanguage
    com.google.api.services.drive.Drive$Files this$1 -> a
com.google.api.services.drive.Drive$Files$List -> com.google.a.b.a.e:
    java.lang.String q -> q
    java.lang.String pageToken -> pageToken
    java.lang.String projection -> projection
    java.lang.Integer maxResults -> maxResults
    com.google.api.services.drive.Drive$Files this$1 -> a
    java.lang.String getPageToken() -> f
    com.google.api.services.drive.Drive$Files$List setPageToken(java.lang.String) -> a