proguard/usage.txt
com.google.common.collect.ImmutableSetMultimap$Builder
com.google.common.collect.ImmutableSetMultimap$Builder$1
com.google.common.collect.ImmutableSetMultimap$BuilderMultimap
com.google.common.collect.ImmutableSetMultimap$SortedKeyBuilderMultimap
com.google.common.collect.ImmutableSortedAsList
com.google.common.collect.ImmutableSortedMap
com.google.common.collect.ImmutableSortedMap$1
com.google.common.collect.ImmutableSortedMap$Builder
com.google.common.collect.ImmutableSortedMap$SerializedForm
com.google.common.collect.ImmutableSortedMapFauxverideShim
com.google.common.collect.ImmutableSortedMultiset
com.google.common.collect.ImmutableSortedMultiset$Builder
com.google.common.collect.ImmutableSortedMultiset$SerializedForm
com.google.common.collect.ImmutableSortedMultisetFauxverideShim
com.google.common.collect.ImmutableSortedSet
com.google.common.collect.ImmutableSortedSet$Builder
com.google.common.collect.ImmutableSortedSet$SerializedForm
com.google.common.collect.ImmutableSortedSetFauxverideShim
com.google.common.collect.ImmutableTable
com.google.common.collect.ImmutableTable$Builder
com.google.common.collect.Interner
com.google.common.collect.Interners
com.google.common.collect.Interners$1
com.google.common.collect.Interners$InternerFunction
com.google.common.collect.Interners$WeakInterner
com.google.common.collect.Interners$WeakInterner$Dummy
com.google.common.collect.Iterables
com.google.common.collect.Iterables$1
com.google.common.collect.Iterables$10
com.google.common.collect.Iterables$10$1
com.google.common.collect.Iterables$11
com.google.common.collect.Iterables$12
com.google.common.collect.Iterables$13
com.google.common.collect.Iterables$14
com.google.common.collect.Iterables$15
com.google.common.collect.Iterables$2
com.google.common.collect.Iterables$3
com.google.common.collect.Iterables$4
com.google.common.collect.Iterables$5
com.google.common.collect.Iterables$6
com.google.common.collect.Iterables$7
com.google.common.collect.Iterables$8
com.google.common.collect.Iterables$9
com.google.common.collect.Iterables$ConsumingQueueIterator
com.google.common.collect.Iterables$UnmodifiableIterable
com.google.common.collect.Iterators
com.google.common.collect.Iterators$1
com.google.common.collect.Iterators$10
com.google.common.collect.Iterators$11
com.google.common.collect.Iterators$12
com.google.common.collect.Iterators$13
com.google.common.collect.Iterators$14
com.google.common.collect.Iterators$15
com.google.common.collect.Iterators$16
com.google.common.collect.Iterators$2
com.google.common.collect.Iterators$3
com.google.common.collect.Iterators$4
com.google.common.collect.Iterators$5
com.google.common.collect.Iterators$6
com.google.common.collect.Iterators$7
com.google.common.collect.Iterators$8
com.google.common.collect.Iterators$9
com.google.common.collect.Iterators$MergingIterator
com.google.common.collect.Iterators$MergingIterator$1
com.google.common.collect.Iterators$PeekingImpl
com.google.common.collect.LexicographicalOrdering
com.google.common.collect.LinkedHashMultimap
com.google.common.collect.LinkedHashMultimap$1
com.google.common.collect.LinkedHashMultimap$ValueEntry
com.google.common.collect.LinkedHashMultimap$ValueSet
com.google.common.collect.LinkedHashMultimap$ValueSet$1
com.google.common.collect.LinkedHashMultimap$ValueSetLink
com.google.common.collect.LinkedHashMultiset
com.google.common.collect.LinkedListMultimap
com.google.common.collect.LinkedListMultimap$1
com.google.common.collect.LinkedListMultimap$2
com.google.common.collect.LinkedListMultimap$3
com.google.common.collect.LinkedListMultimap$3$1
com.google.common.collect.LinkedListMultimap$4
com.google.common.collect.LinkedListMultimap$5
com.google.common.collect.LinkedListMultimap$5$1
com.google.common.collect.LinkedListMultimap$6
com.google.common.collect.LinkedListMultimap$6$1
com.google.common.collect.LinkedListMultimap$6$1$1
com.google.common.collect.LinkedListMultimap$DistinctKeyIterator